Vivado Simulator 2020.2
Time resolution is 1 ps
The           1 :00000c07ac2d000f

The           1 :00989680

Current date1: 0
The           2 :5397e5b108004500

The           2 :006550ae

The           3 :00c6000040004006

The           3 :1b2de00a

The           4 :d55b0ae02d1bac1b

The           4 :c0801bac

The           5 :80c0585e1b6b6b11

The           5 :00005e58

The           6 :3f493f99b2655018

The           6 :00006b1b

The           7 :80521ee800001703

The           7 :00000096

The           8 :0300994e2b09992f

The           8 :000000fa

The           9 :8b9a514384fa6140

The           9 :007a1200

The          10 :6c4f4ee7452349ba

The          10 :00989680

The          11 :3f72199aacf61c57

The          11 :xxxxxxxx

The          12 :1c758acd6cc53373

The          12 :xxxxxxxx

The          13 :dff933bb20443634

The          13 :xxxxxxxx

The          14 :7cfe294a31379a0f

The          14 :xxxxxxxx

The          15 :7eb01f7e555ba78e

The          15 :xxxxxxxx

The          16 :f7e1cc954db84e42

The          16 :xxxxxxxx

The          17 :d98041de346aa361

The          17 :xxxxxxxx

The          18 :05cf1cd044529764

The          18 :xxxxxxxx

The          19 :a6a652b54490ce6a

The          19 :xxxxxxxx

The          20 :3b5d46c2d5a7d858

The          20 :xxxxxxxx

The          21 :e44a6e26310fc471

The          21 :xxxxxxxx

The          22 :c3fedcc45558ddb3

The          22 :xxxxxxxx

The          23 :17246459eaa15b73

The          23 :xxxxxxxx

The          24 :288e33d3343b76ce

The          24 :xxxxxxxx

The          25 :5e4ca0760aa63c3e

The          25 :xxxxxxxx

The          26 :513a78a78378f208

The          26 :xxxxxxxx

The          27 :196523fece675c3b

The          27 :xxxxxxxx

The          28 :2400002165baf418

The          28 :xxxxxxxx

The          29 :387efaab0335ad03

The          29 :xxxxxxxx

The          30 :706d1524b3c158ac

The          30 :xxxxxxxx

The          31 :78e0d97c08004500

The          31 :xxxxxxxx

The          32 :0095713800003c06

The          32 :xxxxxxxx

The          33 :a854ac1b80c00ae0

The          33 :xxxxxxxx

The          34 :2d1b1b6b585e3f99

The          34 :xxxxxxxx

The          35 :aeba6b113d645018

The          35 :xxxxxxxx

The          36 :00b4ade600001703

The          36 :xxxxxxxx

The          37 :030068ad79a96503

The          37 :xxxxxxxx

The          38 :0347864b2a787b68

The          38 :xxxxxxxx

The          39 :44080ad26c56a285

The          39 :xxxxxxxx

The          40 :b4fbff7b7b40b5eb

The          40 :xxxxxxxx

The          41 :f11e7b8722e7960e

The          41 :xxxxxxxx

The          42 :836981b5786490e9

The          42 :xxxxxxxx

The          43 :0ad1a042f14bcf3a

The          43 :xxxxxxxx

The          44 :502650b9dae996ea

The          44 :xxxxxxxx

The          45 :0046e614c3b2e9a0

The          45 :xxxxxxxx

The          46 :39578265ae4aca91

The          46 :xxxxxxxx

The          47 :68252859513e040f

The          47 :xxxxxxxx

The          48 :222116146ad68504

The          48 :xxxxxxxx

The          49 :dc503e4c675b5852

The          49 :xxxxxxxx

The          50 :3b6a1f0000000000

The          50 :xxxxxxxx

Current date2: 860000
Current date3: 2005590000
$stop called at time : 22005590 ns : File "E:/Project/FlowCtrl/FlowCtrl/FlowCtrl.sim/fifo_test_tb.v" Line 142
The           1 :00000c07ac2d000f

The           1 :00989680

Current date1: 0
The           2 :5397e5b108004500

The           2 :006550ae

The           3 :00c6000040004006

The           3 :1b2de00a

The           4 :d55b0ae02d1bac1b

The           4 :c0801bac

The           5 :80c0585e1b6b6b11

The           5 :00005e58

The           6 :3f493f99b2655018

The           6 :00006b1b

The           7 :80521ee800001703

The           7 :00000096

The           8 :0300994e2b09992f

The           8 :000000fa

The           9 :8b9a514384fa6140

The           9 :007a1200

The          10 :6c4f4ee7452349ba

The          10 :00989680

The          11 :3f72199aacf61c57

The          11 :xxxxxxxx

The          12 :1c758acd6cc53373

The          12 :xxxxxxxx

The         