#-----------------------------------------------------------
# Vivado v2020.2 (64-bit)
# SW Build 3064766 on Wed Nov 18 09:12:45 MST 2020
# IP Build 3064653 on Wed Nov 18 14:17:31 MST 2020
# Start of session at: Tue Feb 25 15:34:39 2025
# Process ID: 78672
# Current directory: F:/Project/FlowCtrl/FlowCtrl
# Command line: vivado.exe -gui_launcher_event rodinguilauncherevent84156 F:\Project\FlowCtrl\FlowCtrl\FlowCtrl.xpr
# Log file: F:/Project/FlowCtrl/FlowCtrl/vivado.log
# Journal file: F:/Project/FlowCtrl/FlowCtrl\vivado.jou
#-----------------------------------------------------------
start_gui
open_project -part xc7z035fbv676-2 F:/Project/FlowCtrl/FlowCtrl/FlowCtrl.xpr
INFO: [Project 1-313] Project file moved from 'E:/Project/FlowCtrl/FlowCtrl' since last save.
INFO: [Project 1-563] Overriding project part, 'xcku035-fbva676-2-e', with new part: 'xc7z035fbv676-2'.
Scanning sources...
Finished scanning sources
INFO: [Project 1-573] Overriding 'synth_1' run's part, 'xcku035-fbva676-2-e', with new part: 'xc7z035fbv676-2'.
INFO: [Project 1-573] Overriding 'impl_1' run's part, 'xcku035-fbva676-2-e', with new part: 'xc7z035fbv676-2'.
INFO: [IP_Flow 19-234] Refreshing IP repositories
INFO: [IP_Flow 19-1704] No user IP repositories specified
INFO: [IP_Flow 19-2313] Loaded Vivado IP repository 'C:/Xilinx/Vivado/2020.2/data/ip'.
update_compile_order -fileset sources_1
launch_runs synth_1 -jobs 10
[Tue Feb 25 15:35:30 2025] Launched synth_1...
Run output will be captured here: F:/Project/FlowCtrl/FlowCtrl/FlowCtrl.runs/synth_1/runme.log
close_project
open_project -part xc7z035fbv676-2 F:/Project/PTP/ptp/ptp.xpr
INFO: [Project 1-313] Project file moved from 'E:/Project/PTP/ptp' since last save.
INFO: [Project 1-563] Overriding project part, 'xcku035-fbva676-2-e', with new part: 'xc7z035fbv676-2'.
Scanning sources...
Finished scanning sources
INFO: [Project 1-573] Overriding 'synth_1' run's part, 'xcku035-fbva676-2-e', with new part: 'xc7z035fbv676-2'.
INFO: [Project 1-573] Overriding 'mult_gen_0_synth_1' run's part, 'xcku035-fbva676-2-e', with new part: 'xc7z035fbv676-2'.
INFO: [Project 1-573] Overriding 'impl_1' run's part, 'xcku035-fbva676-2-e', with new part: 'xc7z035fbv676-2'.
INFO: [Project 1-573] Overriding 'mult_gen_0_impl_1' run's part, 'xcku035-fbva676-2-e', with new part: 'xc7z035fbv676-2'.
INFO: [IP_Flow 19-234] Refreshing IP repositories
INFO: [IP_Flow 19-1704] No user IP repositories specified
INFO: [IP_Flow 19-2313] Loaded Vivado IP repository 'C:/Xilinx/Vivado/2020.2/data/ip'.
WARNING: [IP_Flow 19-2162] IP 'mult_gen_0' is locked:
* Current project part 'xc7z035fbv676-2' and the part 'xcku035-fbva676-2-e' used to customize the IP 'mult_gen_0' do not match.
update_compile_order -fileset sources_1
reset_run mult_gen_0_synth_1
reset_run synth_1
launch_runs synth_1 -jobs 10
WARNING: [Project 1-577] IP run mult_gen_0_synth_1 is available but is out of date. Since the IP is locked, the synthesis checkpoint cannot be updated. The out-of-date checkpoint will be used and it may result in incorrect behavior.
Please select 'Report IP Status' from the 'Tools/Report' menu or run the Tcl command 'report_ip_status' for more information.
WARNING: [Runs 36-337] The following IPs are either missing output products or output products are not up-to-date for Synthesis target. Since these IPs are locked, no update to the output products can be done. 
Please select 'Report IP Status' from the 'Tools/Report' menu or run Tcl command 'report_ip_status' for more information.
F:/Project/PTP/ptp/ptp.srcs/sources_1/ip/mult_gen_0/mult_gen_0.xci

WARNING: [Project 1-576] IP 'F:/Project/PTP/ptp/ptp.srcs/sources_1/ip/mult_gen_0/mult_gen_0.xci' in run mult_gen_0_synth_1 is locked, no out-of-context (OOC) run will be launched. The run may not be able to complete.
Please select 'Report IP Status' from 'Tools/Report' or run the Tcl command 'report_ip_status' for more information.
WARNING: [IP_Flow 19-2406] Cannot identify part xcku035-fbva676-2-e
[Tue Feb 25 15:50:50 2025] Launched mult_gen_0_synth_1...
Run output will be captured here: F:/Project/PTP/ptp/ptp.runs/mult_gen_0_synth_1/runme.log
[Tue Feb 25 15:50:50 2025] Launched synth_1...
Run output will be captured here: F:/Project/PTP/ptp/ptp.runs/synth_1/runme.log
exit
INFO: [Common 17-206] Exiting Vivado at Tue Feb 25 15:53:27 2025...
